<?xml version="1.0" encoding="UTF-8"?>
<coverage generated="1680074147220" clover="3.2.0">
  <project timestamp="1680074147220" name="All files">
    <metrics statements="8" coveredstatements="6" conditionals="8" coveredconditionals="5" methods="1" coveredmethods="1" elements="17" coveredelements="12" complexity="0" loc="8" ncloc="8" packages="1" files="1" classes="1"/>
    <file name="utils.js" path="C:\Users\sebas\Downloads\testing\edp-calculadora\js\utils.js">
      <metrics statements="8" coveredstatements="6" conditionals="8" coveredconditionals="5" methods="1" coveredmethods="1"/>
      <line num="2" count="4" type="cond" truecount="2" falsecount="0"/>
      <line num="3" count="2" type="stmt"/>
      <line num="5" count="2" type="cond" truecount="2" falsecount="0"/>
      <line num="6" count="1" type="stmt"/>
      <line num="8" count="1" type="cond" truecount="1" falsecount="1"/>
      <line num="9" count="1" type="stmt"/>
      <line num="11" count="0" type="cond" truecount="0" falsecount="2"/>
      <line num="12" count="0" type="stmt"/>
    </file>
  </project>
</coverage>
